2022-03-10 10:40:51 [scrapy.utils.log] INFO: Scrapy 2.6.1 started (bot: tymspider)
2022-03-10 10:40:51 [scrapy.utils.log] INFO: Versions: lxml 4.6.3.0, libxml2 2.9.10, cssselect 1.1.0, parsel 1.6.0, w3lib 1.22.0, Twisted 22.1.0, Python 3.7.11 (default, Jul 27 2021, 09:42:29) [MSC v.1916 64 bit (AMD64)], pyOpenSSL 22.0.0 (OpenSSL 1.1.1l  24 Aug 2021), cryptography 36.0.1, Platform Windows-10-10.0.19041-SP0
2022-03-10 10:40:51 [scrapy.crawler] INFO: Overridden settings:
{'BOT_NAME': 'tymspider',
 'DOWNLOAD_DELAY': 1,
 'LOG_FILE': 'logs\\tymspider\\yunlong\\7f081fdca01b11ecb7917c10c91fd873.log',
 'NEWSPIDER_MODULE': 'tymspider.spiders',
 'ROBOTSTXT_OBEY': True,
 'SPIDER_MODULES': ['tymspider.spiders']}
2022-03-10 10:40:51 [scrapy.utils.log] DEBUG: Using reactor: twisted.internet.selectreactor.SelectReactor
2022-03-10 10:40:51 [scrapy.extensions.telnet] INFO: Telnet Password: ef45487a9342e198
2022-03-10 10:40:51 [scrapy.middleware] INFO: Enabled extensions:
['scrapy.extensions.corestats.CoreStats',
 'scrapy.extensions.telnet.TelnetConsole',
 'scrapy.extensions.logstats.LogStats']
2022-03-10 10:40:51 [scrapy.middleware] INFO: Enabled downloader middlewares:
['scrapy.downloadermiddlewares.robotstxt.RobotsTxtMiddleware',
 'scrapy.downloadermiddlewares.httpauth.HttpAuthMiddleware',
 'scrapy.downloadermiddlewares.downloadtimeout.DownloadTimeoutMiddleware',
 'scrapy.downloadermiddlewares.defaultheaders.DefaultHeadersMiddleware',
 'scrapy.downloadermiddlewares.useragent.UserAgentMiddleware',
 'scrapy.downloadermiddlewares.retry.RetryMiddleware',
 'scrapy.downloadermiddlewares.redirect.MetaRefreshMiddleware',
 'scrapy.downloadermiddlewares.httpcompression.HttpCompressionMiddleware',
 'scrapy.downloadermiddlewares.redirect.RedirectMiddleware',
 'scrapy.downloadermiddlewares.cookies.CookiesMiddleware',
 'scrapy.downloadermiddlewares.httpproxy.HttpProxyMiddleware',
 'scrapy.downloadermiddlewares.stats.DownloaderStats']
2022-03-10 10:40:51 [scrapy.middleware] INFO: Enabled spider middlewares:
['scrapy.spidermiddlewares.httperror.HttpErrorMiddleware',
 'scrapy.spidermiddlewares.offsite.OffsiteMiddleware',
 'scrapy.spidermiddlewares.referer.RefererMiddleware',
 'scrapy.spidermiddlewares.urllength.UrlLengthMiddleware',
 'scrapy.spidermiddlewares.depth.DepthMiddleware']
2022-03-10 10:40:51 [scrapy.middleware] INFO: Enabled item pipelines:
['tymspider.pipelines.TymspiderPipeline']
2022-03-10 10:40:51 [scrapy.core.engine] INFO: Spider opened
2022-03-10 10:40:51 [scrapy.extensions.logstats] INFO: Crawled 0 pages (at 0 pages/min), scraped 0 items (at 0 items/min)
2022-03-10 10:40:51 [scrapy.extensions.telnet] INFO: Telnet console listening on 127.0.0.1:6025
2022-03-10 10:41:12 [scrapy.downloadermiddlewares.retry] DEBUG: Retrying <GET http://172.10.128.130:10004/robots.txt> (failed 1 times): TCP connection timed out: 10060: 由于连接方在一段时间后没有正确答复或连接的主机没有反应，连接尝试失败。.
2022-03-10 10:41:12 [py.warnings] WARNING: D:\Anaconda3\envs\scrapy_base\lib\site-packages\scrapy\core\engine.py:276: ScrapyDeprecationWarning: Passing a 'spider' argument to ExecutionEngine.download is deprecated
  return self.download(result, spider) if isinstance(result, Request) else result

